<?xml version="1.0" encoding="UTF-8"?>
<!-- Generated by org.testng.reporters.JUnitXMLReporter -->
<testsuite ignored="0" hostname="hplaptop" failures="0" tests="10" name="Surefire test" time="531.985" errors="0" timestamp="06 Mar 2024 15:20:00 GMT">
  <testcase classname="com.xyz.qa.testcases.LoginPageTest" name="customerLoginTest" time="0.849"/>
  <testcase classname="com.xyz.qa.testcases.LoginPageTest" name="loginPageTitleTest" time="0.058"/>
  <testcase classname="com.xyz.qa.testcases.ManagerAddCustomerPageTest" name="verifyAddCustomerAlertMessage" time="7.47"/>
  <testcase classname="com.xyz.qa.testcases.ManagerCustomersPageTest" name="verifyCustomerDetailsAndDelete" time="4.115"/>
  <testcase classname="com.xyz.qa.testcases.ManagerOpenAccountPageTest" name="verifyOpenAccountAlertMessage" time="6.185"/>
  <testcase classname="com.xyz.qa.testcases.LoginPageTest" name="loginTest" time="6.783"/>
  <testcase classname="com.xyz.qa.testcases.CustomerAccountPageTest" name="verifyCustomerAccountDetails" time="0.979"/>
  <testcase classname="com.xyz.qa.testcases.DepositPageTest" name="depositAmountAndVerifyTransaction" time="8.51"/>
  <testcase classname="com.xyz.qa.testcases.WithdrawPageTest" name="withdrawAmount" time="2.666"/>
  <testcase classname="com.xyz.qa.testcases.TransactionPageTest" name="depositWithdrawAndVerifyTransactions" time="4.875"/>
</testsuite> <!-- Surefire test -->
