<?xml version="1.0" encoding="UTF-8"?>
<testsuite xmlns:xsi="http://www.w3.org/2001/XMLSchema-instance" xsi:noNamespaceSchemaLocation="https://maven.apache.org/surefire/maven-surefire-plugin/xsd/surefire-test-report-3.0.xsd" version="3.0" name="TestSuite" time="541.145" tests="10" errors="0" skipped="0" failures="0">
  <properties>
[...]
</properties>
  <testcase name="customerLoginTest" classname="com.xyz.qa.testcases.LoginPageTest" time="0.847">
    <system-out><![CDATA[Before navigating to: 'https://www.globalsqa.com/angularJs-protractor/BankingProject/#/login'
Navigated to:'https://www.globalsqa.com/angularJs-protractor/BankingProject/#/login'
Trying to find Element By : By.xpath: //button[normalize-space()='Customer Login']
Found Element By : By.xpath: //button[normalize-space()='Customer Login']
Trying to click on: [[ChromeDriver: chrome on WINDOWS (c6b1a52a3830c8fadc952938584bfcb8)] -> xpath: //button[normalize-space()='Customer Login']]
Clicked on: [[ChromeDriver: chrome on WINDOWS (c6b1a52a3830c8fadc952938584bfcb8)] -> xpath: //button[normalize-space()='Customer Login']]
]]></system-out>
    <system-err><![CDATA[Starting ChromeDriver 122.0.6261.57 (87957e464700ccf3468df47ce741e0dc089e0544-refs/branch-heads/6261@{#853}) on port 13020
Only local connections are allowed.
Please see https://chromedriver.chromium.org/security-considerations for suggestions on keeping ChromeDriver safe.
ChromeDriver was started successfully.
Mar 06, 2024 8:41:11 PM org.openqa.selenium.remote.ProtocolHandshake createSession
INFO: Detected dialect: W3C
]]></system-err>
  </testcase>
  <testcase name="loginPageTitleTest" classname="com.xyz.qa.testcases.LoginPageTest" time="0.059">
    <system-out><![CDATA[Before navigating to: 'https://www.globalsqa.com/angularJs-protractor/BankingProject/#/login'
Navigated to:'https://www.globalsqa.com/angularJs-protractor/BankingProject/#/login'
]]></system-out>
    <system-err><![CDATA[Starting ChromeDriver 122.0.6261.57 (87957e464700ccf3468df47ce741e0dc089e0544-refs/branch-heads/6261@{#853}) on port 29757
Only local connections are allowed.
Please see https://chromedriver.chromium.org/security-considerations for suggestions on keeping ChromeDriver safe.
ChromeDriver was started successfully.
Mar 06, 2024 8:41:39 PM org.openqa.selenium.remote.ProtocolHandshake createSession
INFO: Detected dialect: W3C
]]></system-err>
  </testcase>
  <testcase name="loginTest" classname="com.xyz.qa.testcases.LoginPageTest" time="6.779">
    <system-out><![CDATA[Before navigating to: 'https://www.globalsqa.com/angularJs-protractor/BankingProject/#/login'
Navigated to:'https://www.globalsqa.com/angularJs-protractor/BankingProject/#/login'
Trying to find Element By : By.xpath: //button[normalize-space()='Customer Login']
Found Element By : By.xpath: //button[normalize-space()='Customer Login']
Trying to click on: [[ChromeDriver: chrome on WINDOWS (24696ba001b701977975d69762790eb1)] -> xpath: //button[normalize-space()='Customer Login']]
Clicked on: [[ChromeDriver: chrome on WINDOWS (24696ba001b701977975d69762790eb1)] -> xpath: //button[normalize-space()='Customer Login']]
Trying to find Element By : By.xpath: //select[@id='userSelect']
Found Element By : By.xpath: //select[@id='userSelect']
Trying to find Element By : By.xpath: //select[@id='userSelect']
Found Element By : By.xpath: //select[@id='userSelect']
Trying to find Element By : By.xpath: //select[@id='userSelect']
Found Element By : By.xpath: //select[@id='userSelect']
Trying to find Element By : By.xpath: .//option[normalize-space(.) = "Harry Potter"]
Found Element By : By.xpath: .//option[normalize-space(.) = "Harry Potter"]
Trying to click on: [[[[ChromeDriver: chrome on WINDOWS (24696ba001b701977975d69762790eb1)] -> xpath: //select[@id='userSelect']]] -> xpath: .//option[normalize-space(.) = "Harry Potter"]]
Clicked on: [[[[ChromeDriver: chrome on WINDOWS (24696ba001b701977975d69762790eb1)] -> xpath: //select[@id='userSelect']]] -> xpath: .//option[normalize-space(.) = "Harry Potter"]]
Trying to find Element By : By.xpath: //button[normalize-space()='Login']
Found Element By : By.xpath: //button[normalize-space()='Login']
Trying to click on: [[ChromeDriver: chrome on WINDOWS (24696ba001b701977975d69762790eb1)] -> xpath: //button[normalize-space()='Login']]
Clicked on: [[ChromeDriver: chrome on WINDOWS (24696ba001b701977975d69762790eb1)] -> xpath: //button[normalize-space()='Login']]
]]></system-out>
    <system-err><![CDATA[Starting ChromeDriver 122.0.6261.57 (87957e464700ccf3468df47ce741e0dc089e0544-refs/branch-heads/6261@{#853}) on port 17337
Only local connections are allowed.
Please see https://chromedriver.chromium.org/security-considerations for suggestions on keeping ChromeDriver safe.
ChromeDriver was started successfully.
Mar 06, 2024 8:45:44 PM org.openqa.selenium.remote.ProtocolHandshake createSession
INFO: Detected dialect: W3C
]]></system-err>
  </testcase>
  <testcase name="verifyAddCustomerAlertMessage" classname="com.xyz.qa.testcases.ManagerAddCustomerPageTest" time="7.487">
    <system-out><![CDATA[Before navigating to: 'https://www.globalsqa.com/angularJs-protractor/BankingProject/#/login'
Navigated to:'https://www.globalsqa.com/angularJs-protractor/BankingProject/#/login'
Trying to find Element By : By.xpath: //button[normalize-space()='Bank Manager Login']
Found Element By : By.xpath: //button[normalize-space()='Bank Manager Login']
Trying to click on: [[ChromeDriver: chrome on WINDOWS (68b507509a407c5ae4ee26c5680620aa)] -> xpath: //button[normalize-space()='Bank Manager Login']]
Clicked on: [[ChromeDriver: chrome on WINDOWS (68b507509a407c5ae4ee26c5680620aa)] -> xpath: //button[normalize-space()='Bank Manager Login']]
Trying to find Element By : By.xpath: //button[normalize-space()='Add Customer']
Found Element By : By.xpath: //button[normalize-space()='Add Customer']
Trying to click on: [[ChromeDriver: chrome on WINDOWS (68b507509a407c5ae4ee26c5680620aa)] -> xpath: //button[normalize-space()='Add Customer']]
Clicked on: [[ChromeDriver: chrome on WINDOWS (68b507509a407c5ae4ee26c5680620aa)] -> xpath: //button[normalize-space()='Add Customer']]
Trying to find Element By : By.xpath: //input[@placeholder='First Name']
Found Element By : By.xpath: //input[@placeholder='First Name']
Trying to find Element By : By.xpath: //input[@placeholder='Last Name']
Found Element By : By.xpath: //input[@placeholder='Last Name']
Trying to find Element By : By.xpath: //input[@placeholder='Post Code']
Found Element By : By.xpath: //input[@placeholder='Post Code']
Trying to find Element By : By.xpath: //button[@type='submit']
Found Element By : By.xpath: //button[@type='submit']
Trying to click on: [[ChromeDriver: chrome on WINDOWS (68b507509a407c5ae4ee26c5680620aa)] -> xpath: //button[@type='submit']]
Clicked on: [[ChromeDriver: chrome on WINDOWS (68b507509a407c5ae4ee26c5680620aa)] -> xpath: //button[@type='submit']]
]]></system-out>
    <system-err><![CDATA[Starting ChromeDriver 122.0.6261.57 (87957e464700ccf3468df47ce741e0dc089e0544-refs/branch-heads/6261@{#853}) on port 42798
Only local connections are allowed.
Please see https://chromedriver.chromium.org/security-considerations for suggestions on keeping ChromeDriver safe.
ChromeDriver was started successfully.
Mar 06, 2024 8:42:26 PM org.openqa.selenium.remote.ProtocolHandshake createSession
INFO: Detected dialect: W3C
]]></system-err>
  </testcase>
  <testcase name="verifyCustomerDetailsAndDelete" classname="com.xyz.qa.testcases.ManagerCustomersPageTest" time="4.116">
    <system-out><![CDATA[Before navigating to: 'https://www.globalsqa.com/angularJs-protractor/BankingProject/#/login'
Navigated to:'https://www.globalsqa.com/angularJs-protractor/BankingProject/#/login'
Trying to find Element By : By.xpath: //button[normalize-space()='Bank Manager Login']
Found Element By : By.xpath: //button[normalize-space()='Bank Manager Login']
Trying to click on: [[ChromeDriver: chrome on WINDOWS (21e6e39f9aa59a3ca39e2bf46b049a2d)] -> xpath: //button[normalize-space()='Bank Manager Login']]
Clicked on: [[ChromeDriver: chrome on WINDOWS (21e6e39f9aa59a3ca39e2bf46b049a2d)] -> xpath: //button[normalize-space()='Bank Manager Login']]
Trying to find Element By : By.xpath: //button[normalize-space()='Customers']
Found Element By : By.xpath: //button[normalize-space()='Customers']
Trying to click on: [[ChromeDriver: chrome on WINDOWS (21e6e39f9aa59a3ca39e2bf46b049a2d)] -> xpath: //button[normalize-space()='Customers']]
Clicked on: [[ChromeDriver: chrome on WINDOWS (21e6e39f9aa59a3ca39e2bf46b049a2d)] -> xpath: //button[normalize-space()='Customers']]
Trying to find Element By : By.xpath: //input[@placeholder='Search Customer']
Found Element By : By.xpath: //input[@placeholder='Search Customer']
Trying to find Element By : By.xpath: //td[normalize-space()='Neville']
Found Element By : By.xpath: //td[normalize-space()='Neville']
Trying to find Element By : By.xpath: //td[normalize-space()='Longbottom']
Found Element By : By.xpath: //td[normalize-space()='Longbottom']
Trying to find Element By : By.xpath: //td[normalize-space()='E89898']
Found Element By : By.xpath: //td[normalize-space()='E89898']
Trying to find Element By : By.xpath: //tbody//td[4]
Found Element By : By.xpath: //tbody//td[4]
Trying to find Element By : By.xpath: //button[normalize-space()='Delete']
Found Element By : By.xpath: //button[normalize-space()='Delete']
Trying to click on: [[ChromeDriver: chrome on WINDOWS (21e6e39f9aa59a3ca39e2bf46b049a2d)] -> xpath: //button[normalize-space()='Delete']]
Clicked on: [[ChromeDriver: chrome on WINDOWS (21e6e39f9aa59a3ca39e2bf46b049a2d)] -> xpath: //button[normalize-space()='Delete']]
]]></system-out>
    <system-err><![CDATA[Starting ChromeDriver 122.0.6261.57 (87957e464700ccf3468df47ce741e0dc089e0544-refs/branch-heads/6261@{#853}) on port 19665
Only local connections are allowed.
Please see https://chromedriver.chromium.org/security-considerations for suggestions on keeping ChromeDriver safe.
ChromeDriver was started successfully.
Mar 06, 2024 8:44:01 PM org.openqa.selenium.remote.ProtocolHandshake createSession
INFO: Detected dialect: W3C
]]></system-err>
  </testcase>
  <testcase name="verifyOpenAccountAlertMessage" classname="com.xyz.qa.testcases.ManagerOpenAccountPageTest" time="6.201">
    <system-out><![CDATA[Before navigating to: 'https://www.globalsqa.com/angularJs-protractor/BankingProject/#/login'
Navigated to:'https://www.globalsqa.com/angularJs-protractor/BankingProject/#/login'
Trying to find Element By : By.xpath: //button[normalize-space()='Bank Manager Login']
Found Element By : By.xpath: //button[normalize-space()='Bank Manager Login']
Trying to click on: [[ChromeDriver: chrome on WINDOWS (41e6ef45695d2f8dc24a37c0ee651520)] -> xpath: //button[normalize-space()='Bank Manager Login']]
Clicked on: [[ChromeDriver: chrome on WINDOWS (41e6ef45695d2f8dc24a37c0ee651520)] -> xpath: //button[normalize-space()='Bank Manager Login']]
Trying to find Element By : By.xpath: //button[normalize-space()='Open Account']
Found Element By : By.xpath: //button[normalize-space()='Open Account']
Trying to click on: [[ChromeDriver: chrome on WINDOWS (41e6ef45695d2f8dc24a37c0ee651520)] -> xpath: //button[normalize-space()='Open Account']]
Clicked on: [[ChromeDriver: chrome on WINDOWS (41e6ef45695d2f8dc24a37c0ee651520)] -> xpath: //button[normalize-space()='Open Account']]
Trying to find Element By : By.xpath: //select[@id='userSelect']
Found Element By : By.xpath: //select[@id='userSelect']
Trying to find Element By : By.xpath: //select[@id='userSelect']
Found Element By : By.xpath: //select[@id='userSelect']
Trying to find Element By : By.xpath: //select[@id='userSelect']
Found Element By : By.xpath: //select[@id='userSelect']
Trying to find Element By : By.xpath: .//option[normalize-space(.) = "Harry Potter"]
Found Element By : By.xpath: .//option[normalize-space(.) = "Harry Potter"]
Trying to click on: [[[[ChromeDriver: chrome on WINDOWS (41e6ef45695d2f8dc24a37c0ee651520)] -> xpath: //select[@id='userSelect']]] -> xpath: .//option[normalize-space(.) = "Harry Potter"]]
Clicked on: [[[[ChromeDriver: chrome on WINDOWS (41e6ef45695d2f8dc24a37c0ee651520)] -> xpath: //select[@id='userSelect']]] -> xpath: .//option[normalize-space(.) = "Harry Potter"]]
Trying to find Element By : By.xpath: //select[@id='currency']
Found Element By : By.xpath: //select[@id='currency']
Trying to find Element By : By.xpath: //select[@id='currency']
Found Element By : By.xpath: //select[@id='currency']
Trying to find Element By : By.xpath: //select[@id='currency']
Found Element By : By.xpath: //select[@id='currency']
Trying to find Element By : By.xpath: .//option[normalize-space(.) = "Dollar"]
Found Element By : By.xpath: .//option[normalize-space(.) = "Dollar"]
Trying to click on: [[[[ChromeDriver: chrome on WINDOWS (41e6ef45695d2f8dc24a37c0ee651520)] -> xpath: //select[@id='currency']]] -> xpath: .//option[normalize-space(.) = "Dollar"]]
Clicked on: [[[[ChromeDriver: chrome on WINDOWS (41e6ef45695d2f8dc24a37c0ee651520)] -> xpath: //select[@id='currency']]] -> xpath: .//option[normalize-space(.) = "Dollar"]]
Trying to find Element By : By.xpath: //button[@type='submit']
Found Element By : By.xpath: //button[@type='submit']
Trying to click on: [[ChromeDriver: chrome on WINDOWS (41e6ef45695d2f8dc24a37c0ee651520)] -> xpath: //button[@type='submit']]
Clicked on: [[ChromeDriver: chrome on WINDOWS (41e6ef45695d2f8dc24a37c0ee651520)] -> xpath: //button[@type='submit']]
]]></system-out>
    <system-err><![CDATA[Starting ChromeDriver 122.0.6261.57 (87957e464700ccf3468df47ce741e0dc089e0544-refs/branch-heads/6261@{#853}) on port 12387
Only local connections are allowed.
Please see https://chromedriver.chromium.org/security-considerations for suggestions on keeping ChromeDriver safe.
ChromeDriver was started successfully.
Mar 06, 2024 8:44:36 PM org.openqa.selenium.remote.ProtocolHandshake createSession
INFO: Detected dialect: W3C
]]></system-err>
  </testcase>
  <testcase name="verifyCustomerAccountDetails" classname="com.xyz.qa.testcases.CustomerAccountPageTest" time="0.979">
    <system-out><![CDATA[Before navigating to: 'https://www.globalsqa.com/angularJs-protractor/BankingProject/#/login'
Navigated to:'https://www.globalsqa.com/angularJs-protractor/BankingProject/#/login'
Trying to find Element By : By.xpath: //button[normalize-space()='Customer Login']
Found Element By : By.xpath: //button[normalize-space()='Customer Login']
Trying to click on: [[ChromeDriver: chrome on WINDOWS (b9ae791c0cad28841685859cd70f42f8)] -> xpath: //button[normalize-space()='Customer Login']]
Clicked on: [[ChromeDriver: chrome on WINDOWS (b9ae791c0cad28841685859cd70f42f8)] -> xpath: //button[normalize-space()='Customer Login']]
Trying to find Element By : By.xpath: //select[@id='userSelect']
Found Element By : By.xpath: //select[@id='userSelect']
Trying to find Element By : By.xpath: //select[@id='userSelect']
Found Element By : By.xpath: //select[@id='userSelect']
Trying to find Element By : By.xpath: //select[@id='userSelect']
Found Element By : By.xpath: //select[@id='userSelect']
Trying to find Element By : By.xpath: .//option[normalize-space(.) = "Harry Potter"]
Found Element By : By.xpath: .//option[normalize-space(.) = "Harry Potter"]
Trying to click on: [[[[ChromeDriver: chrome on WINDOWS (b9ae791c0cad28841685859cd70f42f8)] -> xpath: //select[@id='userSelect']]] -> xpath: .//option[normalize-space(.) = "Harry Potter"]]
Clicked on: [[[[ChromeDriver: chrome on WINDOWS (b9ae791c0cad28841685859cd70f42f8)] -> xpath: //select[@id='userSelect']]] -> xpath: .//option[normalize-space(.) = "Harry Potter"]]
Trying to find Element By : By.xpath: //button[normalize-space()='Login']
Found Element By : By.xpath: //button[normalize-space()='Login']
Trying to click on: [[ChromeDriver: chrome on WINDOWS (b9ae791c0cad28841685859cd70f42f8)] -> xpath: //button[normalize-space()='Login']]
Clicked on: [[ChromeDriver: chrome on WINDOWS (b9ae791c0cad28841685859cd70f42f8)] -> xpath: //button[normalize-space()='Login']]
Trying to find Element By : By.xpath: //strong[@class='mainHeading']
Found Element By : By.xpath: //strong[@class='mainHeading']
Trying to find Element By : By.xpath: //span[@class='fontBig ng-binding']
Found Element By : By.xpath: //span[@class='fontBig ng-binding']
Trying to find Element By : By.xpath: //button[normalize-space()='Deposit']
Found Element By : By.xpath: //button[normalize-space()='Deposit']
Trying to click on: [[ChromeDriver: chrome on WINDOWS (b9ae791c0cad28841685859cd70f42f8)] -> xpath: //button[normalize-space()='Deposit']]
Clicked on: [[ChromeDriver: chrome on WINDOWS (b9ae791c0cad28841685859cd70f42f8)] -> xpath: //button[normalize-space()='Deposit']]
Trying to find Element By : By.xpath: //button[normalize-space()='Withdrawl']
Found Element By : By.xpath: //button[normalize-space()='Withdrawl']
Trying to click on: [[ChromeDriver: chrome on WINDOWS (b9ae791c0cad28841685859cd70f42f8)] -> xpath: //button[normalize-space()='Withdrawl']]
Clicked on: [[ChromeDriver: chrome on WINDOWS (b9ae791c0cad28841685859cd70f42f8)] -> xpath: //button[normalize-space()='Withdrawl']]
]]></system-out>
    <system-err><![CDATA[Starting ChromeDriver 122.0.6261.57 (87957e464700ccf3468df47ce741e0dc089e0544-refs/branch-heads/6261@{#853}) on port 11297
Only local connections are allowed.
Please see https://chromedriver.chromium.org/security-considerations for suggestions on keeping ChromeDriver safe.
ChromeDriver was started successfully.
Mar 06, 2024 8:46:14 PM org.openqa.selenium.remote.ProtocolHandshake createSession
INFO: Detected dialect: W3C
]]></system-err>
  </testcase>
  <testcase name="depositAmountAndVerifyTransaction" classname="com.xyz.qa.testcases.DepositPageTest" time="8.509">
    <system-out><![CDATA[Before navigating to: 'https://www.globalsqa.com/angularJs-protractor/BankingProject/#/login'
Navigated to:'https://www.globalsqa.com/angularJs-protractor/BankingProject/#/login'
Trying to find Element By : By.xpath: //button[normalize-space()='Customer Login']
Found Element By : By.xpath: //button[normalize-space()='Customer Login']
Trying to click on: [[ChromeDriver: chrome on WINDOWS (2a8bc17643316b15a438d3e1112c3bc3)] -> xpath: //button[normalize-space()='Customer Login']]
Clicked on: [[ChromeDriver: chrome on WINDOWS (2a8bc17643316b15a438d3e1112c3bc3)] -> xpath: //button[normalize-space()='Customer Login']]
Trying to find Element By : By.xpath: //select[@id='userSelect']
Found Element By : By.xpath: //select[@id='userSelect']
Trying to find Element By : By.xpath: //select[@id='userSelect']
Found Element By : By.xpath: //select[@id='userSelect']
Trying to find Element By : By.xpath: //select[@id='userSelect']
Found Element By : By.xpath: //select[@id='userSelect']
Trying to find Element By : By.xpath: .//option[normalize-space(.) = "Harry Potter"]
Found Element By : By.xpath: .//option[normalize-space(.) = "Harry Potter"]
Trying to click on: [[[[ChromeDriver: chrome on WINDOWS (2a8bc17643316b15a438d3e1112c3bc3)] -> xpath: //select[@id='userSelect']]] -> xpath: .//option[normalize-space(.) = "Harry Potter"]]
Clicked on: [[[[ChromeDriver: chrome on WINDOWS (2a8bc17643316b15a438d3e1112c3bc3)] -> xpath: //select[@id='userSelect']]] -> xpath: .//option[normalize-space(.) = "Harry Potter"]]
Trying to find Element By : By.xpath: //button[normalize-space()='Login']
Found Element By : By.xpath: //button[normalize-space()='Login']
Trying to click on: [[ChromeDriver: chrome on WINDOWS (2a8bc17643316b15a438d3e1112c3bc3)] -> xpath: //button[normalize-space()='Login']]
Clicked on: [[ChromeDriver: chrome on WINDOWS (2a8bc17643316b15a438d3e1112c3bc3)] -> xpath: //button[normalize-space()='Login']]
Trying to find Element By : By.xpath: //button[normalize-space()='Deposit']
Found Element By : By.xpath: //button[normalize-space()='Deposit']
Trying to click on: [[ChromeDriver: chrome on WINDOWS (2a8bc17643316b15a438d3e1112c3bc3)] -> xpath: //button[normalize-space()='Deposit']]
Clicked on: [[ChromeDriver: chrome on WINDOWS (2a8bc17643316b15a438d3e1112c3bc3)] -> xpath: //button[normalize-space()='Deposit']]
Trying to find Element By : By.xpath: //input[@placeholder='amount']
Found Element By : By.xpath: //input[@placeholder='amount']
Trying to find Element By : By.xpath: //button[@type='submit']
Found Element By : By.xpath: //button[@type='submit']
Trying to click on: [[ChromeDriver: chrome on WINDOWS (2a8bc17643316b15a438d3e1112c3bc3)] -> xpath: //button[@type='submit']]
Clicked on: [[ChromeDriver: chrome on WINDOWS (2a8bc17643316b15a438d3e1112c3bc3)] -> xpath: //button[@type='submit']]
Trying to find Element By : By.xpath: //span[@class='error ng-binding']
Found Element By : By.xpath: //span[@class='error ng-binding']
Trying to find Element By : By.xpath: //button[normalize-space()='Transactions']
Found Element By : By.xpath: //button[normalize-space()='Transactions']
Trying to click on: [[ChromeDriver: chrome on WINDOWS (2a8bc17643316b15a438d3e1112c3bc3)] -> xpath: //button[normalize-space()='Transactions']]
Clicked on: [[ChromeDriver: chrome on WINDOWS (2a8bc17643316b15a438d3e1112c3bc3)] -> xpath: //button[normalize-space()='Transactions']]
Trying to find Element By : By.xpath: //td[normalize-space()='1000']
Found Element By : By.xpath: //td[normalize-space()='1000']
]]></system-out>
    <system-err><![CDATA[Starting ChromeDriver 122.0.6261.57 (87957e464700ccf3468df47ce741e0dc089e0544-refs/branch-heads/6261@{#853}) on port 10757
Only local connections are allowed.
Please see https://chromedriver.chromium.org/security-considerations for suggestions on keeping ChromeDriver safe.
ChromeDriver was started successfully.
Mar 06, 2024 8:47:48 PM org.openqa.selenium.remote.ProtocolHandshake createSession
INFO: Detected dialect: W3C
]]></system-err>
  </testcase>
  <testcase name="withdrawAmount" classname="com.xyz.qa.testcases.WithdrawPageTest" time="2.666">
    <system-out><![CDATA[Before navigating to: 'https://www.globalsqa.com/angularJs-protractor/BankingProject/#/login'
Navigated to:'https://www.globalsqa.com/angularJs-protractor/BankingProject/#/login'
Trying to find Element By : By.xpath: //button[normalize-space()='Customer Login']
Found Element By : By.xpath: //button[normalize-space()='Customer Login']
Trying to click on: [[ChromeDriver: chrome on WINDOWS (0e0637dc6cbe165a34a4bfd51b9e381c)] -> xpath: //button[normalize-space()='Customer Login']]
Clicked on: [[ChromeDriver: chrome on WINDOWS (0e0637dc6cbe165a34a4bfd51b9e381c)] -> xpath: //button[normalize-space()='Customer Login']]
Trying to find Element By : By.xpath: //select[@id='userSelect']
Found Element By : By.xpath: //select[@id='userSelect']
Trying to find Element By : By.xpath: //select[@id='userSelect']
Found Element By : By.xpath: //select[@id='userSelect']
Trying to find Element By : By.xpath: //select[@id='userSelect']
Found Element By : By.xpath: //select[@id='userSelect']
Trying to find Element By : By.xpath: .//option[normalize-space(.) = "Hermoine Granger"]
Found Element By : By.xpath: .//option[normalize-space(.) = "Hermoine Granger"]
Trying to click on: [[[[ChromeDriver: chrome on WINDOWS (0e0637dc6cbe165a34a4bfd51b9e381c)] -> xpath: //select[@id='userSelect']]] -> xpath: .//option[normalize-space(.) = "Hermoine Granger"]]
Clicked on: [[[[ChromeDriver: chrome on WINDOWS (0e0637dc6cbe165a34a4bfd51b9e381c)] -> xpath: //select[@id='userSelect']]] -> xpath: .//option[normalize-space(.) = "Hermoine Granger"]]
Trying to find Element By : By.xpath: //button[normalize-space()='Login']
Found Element By : By.xpath: //button[normalize-space()='Login']
Trying to click on: [[ChromeDriver: chrome on WINDOWS (0e0637dc6cbe165a34a4bfd51b9e381c)] -> xpath: //button[normalize-space()='Login']]
Clicked on: [[ChromeDriver: chrome on WINDOWS (0e0637dc6cbe165a34a4bfd51b9e381c)] -> xpath: //button[normalize-space()='Login']]
Trying to find Element By : By.xpath: //button[normalize-space()='Withdrawl']
Found Element By : By.xpath: //button[normalize-space()='Withdrawl']
Trying to click on: [[ChromeDriver: chrome on WINDOWS (0e0637dc6cbe165a34a4bfd51b9e381c)] -> xpath: //button[normalize-space()='Withdrawl']]
Clicked on: [[ChromeDriver: chrome on WINDOWS (0e0637dc6cbe165a34a4bfd51b9e381c)] -> xpath: //button[normalize-space()='Withdrawl']]
Trying to find Element By : By.xpath: //input[@placeholder='amount']
Found Element By : By.xpath: //input[@placeholder='amount']
Trying to find Element By : By.xpath: //input[@placeholder='amount']
Found Element By : By.xpath: //input[@placeholder='amount']
Trying to find Element By : By.xpath: //button[normalize-space()='Withdraw']
Found Element By : By.xpath: //button[normalize-space()='Withdraw']
Trying to click on: [[ChromeDriver: chrome on WINDOWS (0e0637dc6cbe165a34a4bfd51b9e381c)] -> xpath: //button[normalize-space()='Withdraw']]
Clicked on: [[ChromeDriver: chrome on WINDOWS (0e0637dc6cbe165a34a4bfd51b9e381c)] -> xpath: //button[normalize-space()='Withdraw']]
Trying to find Element By : By.xpath: //span[@class='error ng-binding']
Found Element By : By.xpath: //span[@class='error ng-binding']
Trying to find Element By : By.xpath: //button[normalize-space()='Withdrawl']
Found Element By : By.xpath: //button[normalize-space()='Withdrawl']
Trying to click on: [[ChromeDriver: chrome on WINDOWS (0e0637dc6cbe165a34a4bfd51b9e381c)] -> xpath: //button[normalize-space()='Withdrawl']]
Clicked on: [[ChromeDriver: chrome on WINDOWS (0e0637dc6cbe165a34a4bfd51b9e381c)] -> xpath: //button[normalize-space()='Withdrawl']]
Trying to find Element By : By.xpath: //input[@placeholder='amount']
Found Element By : By.xpath: //input[@placeholder='amount']
Trying to find Element By : By.xpath: //input[@placeholder='amount']
Found Element By : By.xpath: //input[@placeholder='amount']
Trying to find Element By : By.xpath: //button[normalize-space()='Withdraw']
Found Element By : By.xpath: //button[normalize-space()='Withdraw']
Trying to click on: [[ChromeDriver: chrome on WINDOWS (0e0637dc6cbe165a34a4bfd51b9e381c)] -> xpath: //button[normalize-space()='Withdraw']]
Clicked on: [[ChromeDriver: chrome on WINDOWS (0e0637dc6cbe165a34a4bfd51b9e381c)] -> xpath: //button[normalize-space()='Withdraw']]
Trying to find Element By : By.xpath: //span[@class='error ng-binding']
Found Element By : By.xpath: //span[@class='error ng-binding']
]]></system-out>
    <system-err><![CDATA[Starting ChromeDriver 122.0.6261.57 (87957e464700ccf3468df47ce741e0dc089e0544-refs/branch-heads/6261@{#853}) on port 19302
Only local connections are allowed.
Please see https://chromedriver.chromium.org/security-considerations for suggestions on keeping ChromeDriver safe.
ChromeDriver was started successfully.
Mar 06, 2024 8:48:46 PM org.openqa.selenium.remote.ProtocolHandshake createSession
INFO: Detected dialect: W3C
]]></system-err>
  </testcase>
  <testcase name="depositWithdrawAndVerifyTransactions" classname="com.xyz.qa.testcases.TransactionPageTest" time="4.877">
    <system-out><![CDATA[Before navigating to: 'https://www.globalsqa.com/angularJs-protractor/BankingProject/#/login'
Navigated to:'https://www.globalsqa.com/angularJs-protractor/BankingProject/#/login'
Trying to find Element By : By.xpath: //button[normalize-space()='Customer Login']
Found Element By : By.xpath: //button[normalize-space()='Customer Login']
Trying to click on: [[ChromeDriver: chrome on WINDOWS (55bdbeaf2c639da895abca2070e63519)] -> xpath: //button[normalize-space()='Customer Login']]
Clicked on: [[ChromeDriver: chrome on WINDOWS (55bdbeaf2c639da895abca2070e63519)] -> xpath: //button[normalize-space()='Customer Login']]
Trying to find Element By : By.xpath: //select[@id='userSelect']
Found Element By : By.xpath: //select[@id='userSelect']
Trying to find Element By : By.xpath: //select[@id='userSelect']
Found Element By : By.xpath: //select[@id='userSelect']
Trying to find Element By : By.xpath: //select[@id='userSelect']
Found Element By : By.xpath: //select[@id='userSelect']
Trying to find Element By : By.xpath: .//option[normalize-space(.) = "Hermoine Granger"]
Found Element By : By.xpath: .//option[normalize-space(.) = "Hermoine Granger"]
Trying to click on: [[[[ChromeDriver: chrome on WINDOWS (55bdbeaf2c639da895abca2070e63519)] -> xpath: //select[@id='userSelect']]] -> xpath: .//option[normalize-space(.) = "Hermoine Granger"]]
Clicked on: [[[[ChromeDriver: chrome on WINDOWS (55bdbeaf2c639da895abca2070e63519)] -> xpath: //select[@id='userSelect']]] -> xpath: .//option[normalize-space(.) = "Hermoine Granger"]]
Trying to find Element By : By.xpath: //button[normalize-space()='Login']
Found Element By : By.xpath: //button[normalize-space()='Login']
Trying to click on: [[ChromeDriver: chrome on WINDOWS (55bdbeaf2c639da895abca2070e63519)] -> xpath: //button[normalize-space()='Login']]
Clicked on: [[ChromeDriver: chrome on WINDOWS (55bdbeaf2c639da895abca2070e63519)] -> xpath: //button[normalize-space()='Login']]
Trying to find Element By : By.xpath: //button[normalize-space()='Transactions']
Found Element By : By.xpath: //button[normalize-space()='Transactions']
Trying to click on: [[ChromeDriver: chrome on WINDOWS (55bdbeaf2c639da895abca2070e63519)] -> xpath: //button[normalize-space()='Transactions']]
Clicked on: [[ChromeDriver: chrome on WINDOWS (55bdbeaf2c639da895abca2070e63519)] -> xpath: //button[normalize-space()='Transactions']]
Trying to find Element By : By.xpath: //input[@id='start']
Found Element By : By.xpath: //input[@id='start']
Trying to find Element By : By.xpath: //input[@id='end']
Found Element By : By.xpath: //input[@id='end']
]]></system-out>
    <system-err><![CDATA[Starting ChromeDriver 122.0.6261.57 (87957e464700ccf3468df47ce741e0dc089e0544-refs/branch-heads/6261@{#853}) on port 24956
Only local connections are allowed.
Please see https://chromedriver.chromium.org/security-considerations for suggestions on keeping ChromeDriver safe.
ChromeDriver was started successfully.
Mar 06, 2024 8:49:25 PM org.openqa.selenium.remote.ProtocolHandshake createSession
INFO: Detected dialect: W3C
]]></system-err>
  </testcase>
</testsuite>